This is pdfTeX, Version 3.141592653-2.6-1.40.25 (MiKTeX 24.1) (preloaded format=pdflatex 2025.7.20)  20 JUL 2025 12:11
entering extended mode
 restricted \write18 enabled.
 %&-line parsing enabled.
**"C:/Users/Kamra/Desktop/New folder/resumebuilder/temp/latex/resume_dd2f1096-8
396-4cec-9f5e-ce4c9f5db05c.tex"

(C:/Users/Kamra/Desktop/New folder/resumebuilder/temp/latex/resume_dd2f1096-839
6-4cec-9f5e-ce4c9f5db05c.tex
LaTeX2e <2023-11-01> patch level 1
L3 programming layer <2024-01-04>
(C:\Users\Kamra\AppData\Local\Programs\MiKTeX\tex/latex/base\article.cls
Document Class: article 2023/05/17 v1.4n Standard LaTeX document class
(C:\Users\Kamra\AppData\Local\Programs\MiKTeX\tex/latex/base\size11.clo
File: size11.clo 2023/05/17 v1.4n Standard LaTeX file (size option)
)
\c@part=\count187
\c@section=\count188
\c@subsection=\count189
\c@subsubsection=\count190
\c@paragraph=\count191
\c@subparagraph=\count192
\c@figure=\count193
\c@table=\count194
\abovecaptionskip=\skip48
\belowcaptionskip=\skip49
\bibindent=\dimen140
)
(C:\Users\Kamra\AppData\Local\Programs\MiKTeX\tex/latex/fontawesome\fontawesome
.sty